<?xml version="1.0" encoding="UTF-8" ?>
<testsuite errors="1" failures="0" hostname="Ryokilos" name="finalproject.WikiSearchTest" skipped="0" tests="1" time="0.063" timestamp="2023-12-14T10:24:21">
  <properties>
    <property name="java.vendor" value="Oracle Corporation" />
    <property name="env.USERDOMAIN_ROAMINGPROFILE" value="RYOKILOS" />
    <property name="sun.java.launcher" value="SUN_STANDARD" />
    <property name="sun.management.compiler" value="HotSpot 64-Bit Tiered Compilers" />
    <property name="env.PROMPT" value="$P$G" />
    <property name="os.name" value="Windows 10" />
    <property name="env.DriverData" value="C:\Windows\System32\Drivers\DriverData" />
    <property name="env.COMPUTERNAME" value="RYOKILOS" />
    <property name="env.CommonProgramW6432" value="C:\Program Files\Common Files" />
    <property name="env.ALLUSERSPROFILE" value="C:\ProgramData" />
    <property name="env.LANG" value="en_US.UTF-8" />
    <property name="java.vm.specification.vendor" value="Oracle Corporation" />
    <property name="ant.home" value="C:\Program Files\apache-ant-1.9.16" />
    <property name="java.runtime.version" value="19+36-2238" />
    <property name="env.HOMEPATH" value="\Users\Andre" />
    <property name="user.name" value="Andre" />
    <property name="env.ORIGINAL_XDG_CURRENT_DESKTOP" value="undefined" />
    <property name="stdout.encoding" value="Cp1252" />
    <property name="user.language" value="en" />
    <property name="sun.boot.library.path" value="C:\Program Files\Java\jdk-19\bin" />
    <property name="env.VSCODE_GIT_ASKPASS_MAIN" value="c:\Users\Andre\AppData\Local\Programs\Microsoft VS Code\resources\app\extensions\git\dist\askpass-main.js" />
    <property name="ant.project.default-target" value="build" />
    <property name="ant.project.name" value="JavaCS" />
    <property name="java.vm.compressedOopsMode" value="Zero based" />
    <property name="java.version" value="19" />
    <property name="env.PROCESSOR_IDENTIFIER" value="AMD64 Family 23 Model 113 Stepping 0, AuthenticAMD" />
    <property name="env.TEMP" value="C:\Users\Andre\AppData\Local\Temp" />
    <property name="sun.arch.data.model" value="64" />
    <property name="env._JAVACMD" value="C:\Program Files\Java\jdk-19\bin\java.exe" />
    <property name="sun.cpu.isalist" value="amd64" />
    <property name="env.HOMEDRIVE" value="C:" />
    <property name="sun.jnu.encoding" value="Cp1252" />
    <property name="file.separator" value="\" />
    <property name="java.specification.name" value="Java Platform API Specification" />
    <property name="java.class.version" value="63.0" />
    <property name="env.VSCODE_GIT_ASKPASS_EXTRA_ARGS" value="--ms-enable-electron-run-as-node" />
    <property name="user.country" value="US" />
    <property name="ant.file.JavaCS" value="C:\Users\Andre\Desktop\FinalProject311\FinalProject\build.xml" />
    <property name="java.home" value="C:\Program Files\Java\jdk-19" />
    <property name="env.PSModulePath" value="C:\Users\Andre\Documents\WindowsPowerShell\Modules;C:\Program Files\WindowsPowerShell\Modules;C:\WINDOWS\system32\WindowsPowerShell\v1.0\Modules" />
    <property name="env.APPDATA" value="C:\Users\Andre\AppData\Roaming" />
    <property name="java.vm.info" value="mixed mode, sharing" />
    <property name="env.PUBLIC" value="C:\Users\Public" />
    <property name="env.ComSpec" value="C:\WINDOWS\system32\cmd.exe" />
    <property name="env.OS" value="Windows_NT" />
    <property name="env.CommonProgramFiles" value="C:\Program Files\Common Files" />
    <property name="os.version" value="10.0" />
    <property name="ant.file" value="C:\Users\Andre\Desktop\FinalProject311\FinalProject\build.xml" />
    <property name="env.ProgramW6432" value="C:\Program Files" />
    <property name="env._USE_CLASSPATH" value="yes" />
    <property name="env.TERM_PROGRAM_VERSION" value="1.85.1" />
    <property name="path.separator" value=";" />
    <property name="java.vm.version" value="19+36-2238" />
    <property name="user.variant" value="" />
    <property name="env.USERPROFILE" value="C:\Users\Andre" />
    <property name="env.VSCODE_GIT_IPC_HANDLE" value="\\.\pipe\vscode-git-8002e414f5-sock" />
    <property name="ant.library.dir" value="C:\Program Files\apache-ant-1.9.16\lib" />
    <property name="stderr.encoding" value="Cp1252" />
    <property name="junit.output.dir" value="junit" />
    <property name="env.JAVA_HOME" value="C:\Program Files\Java\jdk-19" />
    <property name="env.FPS_BROWSER_USER_PROFILE_STRING" value="Default" />
    <property name="env.TMP" value="C:\Users\Andre\AppData\Local\Temp" />
    <property name="sun.io.unicode.encoding" value="UnicodeLittle" />
    <property name="env.CHROME_CRASHPAD_PIPE_NAME" value="\\.\pipe\crashpad_24996_BBFSJXXITIYDZNAV" />
    <property name="user.script" value="" />
    <property name="target" value="1.8" />
    <property name="user.home" value="C:\Users\Andre" />
    <property name="env.ProgramData" value="C:\ProgramData" />
    <property name="env.ProgramFiles(x86)" value="C:\Program Files (x86)" />
    <property name="env.SESSIONNAME" value="Console" />
    <property name="java.version.date" value="2022-09-20" />
    <property name="env.CLASSPATH" value="C:\Program Files\Microsoft JDBC Driver 6.0 for SQL Server\sqljdbc_6.0\enu\jre8\sqljdbc42.jar" />
    <property name="java.specification.vendor" value="Oracle Corporation" />
    <property name="env.TERM_PROGRAM" value="vscode" />
    <property name="env.NUMBER_OF_PROCESSORS" value="16" />
    <property name="java.library.path" value="C:\Program Files\Java\jdk-19\bin;C:\WINDOWS\Sun\Java\bin;C:\WINDOWS\system32;C:\WINDOWS;C:\Program Files (x86)\NVIDIA Corporation\PhysX\Common;C:\Program Files (x86)\Razer Chroma SDK\bin;C:\Program Files\Razer Chroma SDK\bin;C:\Program Files (x86)\Razer\ChromaBroadcast\bin;C:\Program Files\Razer\ChromaBroadcast\bin;c:\program files (x86)\razer chroma sdk\bin;c:\program files\razer chroma sdk\bin;c:\program files (x86)\razer\chromabroadcast\bin;c:\program files\razer\chromabroadcast\bin;c:\program files (x86)\common files\oracle\java\javapath;c:\windows\system32;c:\windows;c:\windows\system32\wbem;c:\windows\system32\windowspowershell\v1.0\;c:\windows\system32\openssh\;c:\windows\system32\config\systemprofile\appdata\local\microsoft\windowsapps;C:\WINDOWS\system32\config\systemprofile\AppData\Local\Microsoft\WindowsApps;%JAVA_HOME%\bin\java.exe\bin;C:\Program Files\dotnet\;C:\Program Files\apache-ant-1.9.16\bin;C:\Program Files\Git\cmd;C:\Program Files\MySQL\MySQL Shell 8.0\bin\;C:\Users\Andre\AppData\Local\Microsoft\WindowsApps;C:\Program Files\Java\jdk-19\bin;C:\Users\Andre\AppData\Local\Programs\Microsoft VS Code\bin;C:\Users\Andre\AppData\Local\GitHubDesktop\bin;;." />
    <property name="java.vendor.url" value="https://java.oracle.com/" />
    <property name="java.vm.vendor" value="Oracle Corporation" />
    <property name="env.AMDRMPATH" value="C:\Program Files\AMD\RyzenMaster\" />
    <property name="java.runtime.name" value="Java(TM) SE Runtime Environment" />
    <property name="java.class.path" value="C:\Users\Andre\Desktop\FinalProject311\FinalProject\bin;C:\Users\Andre\Desktop\FinalProject311\FinalProject\lib\jedis-2.8.0.jar;C:\Users\Andre\Desktop\FinalProject311\FinalProject\lib\jsoup-1.8.3.jar;C:\Users\Andre\Desktop\FinalProject311\FinalProject\lib\junit-4.12.jar;C:\Users\Andre\Desktop\FinalProject311\FinalProject\lib\hamcrest-core-1.3.jar;C:\Users\Andre\Desktop\FinalProject311\FinalProject\lib\jcommon-1.0.23.jar;C:\Users\Andre\Desktop\FinalProject311\FinalProject\lib\jfreechart-1.0.19.jar;C:\Users\Andre\Desktop\FinalProject311\FinalProject\lib\servlet.jar;C:\Users\Andre\Desktop\FinalProject311\FinalProject\lib\ant-junit.jar;C:\Users\Andre\Desktop\FinalProject311\FinalProject\lib\commons-math3-3.6.jar;C:\Users\Andre\Desktop\FinalProject311\FinalProject\lib\hamcrest-library-1.3.jar;C:\Program Files\Microsoft JDBC Driver 6.0 for SQL Server\sqljdbc_6.0\enu\jre8\sqljdbc42.jar;C:\Program Files\apache-ant-1.9.16\lib\ant-launcher.jar;C:\Program Files\apache-ant-1.9.16\lib\ant.jar;C:\Program Files\apache-ant-1.9.16\lib\ant-junit.jar;C:\Program Files\apache-ant-1.9.16\lib\ant-junit4.jar" />
    <property name="sun.java.command" value="org.apache.tools.ant.taskdefs.optional.junit.JUnitTestRunner finalproject.WikiSearchTest skipNonTests=false filtertrace=true haltOnError=false haltOnFailure=false formatter=org.apache.tools.ant.taskdefs.optional.junit.OutErrSummaryJUnitResultFormatter showoutput=false outputtoformatters=true logfailedtests=true threadid=0 logtestlistenerevents=false formatter=org.apache.tools.ant.taskdefs.optional.junit.XMLJUnitResultFormatter,C:\Users\Andre\Desktop\FinalProject311\FinalProject\junit\TEST-finalproject.WikiSearchTest.xml crashfile=C:\Users\Andre\Desktop\FinalProject311\FinalProject\junitvmwatcher9858762098784233901.properties propsfile=C:\Users\Andre\Desktop\FinalProject311\FinalProject\junit1150912283851438622.properties" />
    <property name="ant.version" value="Apache Ant(TM) version 1.9.16 compiled on July 10 2021" />
    <property name="native.encoding" value="Cp1252" />
    <property name="jdk.debug" value="release" />
    <property name="env.GIT_ASKPASS" value="c:\Users\Andre\AppData\Local\Programs\Microsoft VS Code\resources\app\extensions\git\dist\askpass.sh" />
    <property name="ant.file.type.JavaCS" value="file" />
    <property name="env.VSCODE_GIT_ASKPASS_NODE" value="C:\Users\Andre\AppData\Local\Programs\Microsoft VS Code\Code.exe" />
    <property name="java.vm.specification.name" value="Java Virtual Machine Specification" />
    <property name="ant.file.type" value="file" />
    <property name="env.windir" value="C:\WINDOWS" />
    <property name="env.LOGONSERVER" value="\\RYOKILOS" />
    <property name="java.vm.specification.version" value="19" />
    <property name="env.PROCESSOR_ARCHITECTURE" value="AMD64" />
    <property name="sun.cpu.endian" value="little" />
    <property name="sun.os.patch.level" value="" />
    <property name="env.OneDrive" value="C:\Users\Andre\OneDrive" />
    <property name="debuglevel" value="source,lines,vars" />
    <property name="env.ANT_HOME" value="C:\Program Files\apache-ant-1.9.16" />
    <property name="env.ProgramFiles" value="C:\Program Files" />
    <property name="env.PROCESSOR_REVISION" value="7100" />
    <property name="java.io.tmpdir" value="C:\Users\Andre\AppData\Local\Temp\" />
    <property name="env.CommonProgramFiles(x86)" value="C:\Program Files (x86)\Common Files" />
    <property name="java.vendor.url.bug" value="https://bugreport.java.com/bugreport/" />
    <property name="env.SystemRoot" value="C:\WINDOWS" />
    <property name="env.FPS_BROWSER_APP_PROFILE_STRING" value="Internet Explorer" />
    <property name="os.arch" value="amd64" />
    <property name="env.ANT_CMD_LINE_ARGS" value=" WikiSearchTest" />
    <property name="user.dir" value="C:\Users\Andre\Desktop\FinalProject311\FinalProject" />
    <property name="env.LOCALAPPDATA" value="C:\Users\Andre\AppData\Local" />
    <property name="line.separator" value="&#xd;&#xa;" />
    <property name="java.vm.name" value="Java HotSpot(TM) 64-Bit Server VM" />
    <property name="env.PATHEXT" value=".COM;.EXE;.BAT;.CMD;.VBS;.VBE;.JS;.JSE;.WSF;.WSH;.MSC;.CPL" />
    <property name="env.COLORTERM" value="truecolor" />
    <property name="env.Path" value="C:\Program Files (x86)\NVIDIA Corporation\PhysX\Common;C:\Program Files (x86)\Razer Chroma SDK\bin;C:\Program Files\Razer Chroma SDK\bin;C:\Program Files (x86)\Razer\ChromaBroadcast\bin;C:\Program Files\Razer\ChromaBroadcast\bin;c:\program files (x86)\razer chroma sdk\bin;c:\program files\razer chroma sdk\bin;c:\program files (x86)\razer\chromabroadcast\bin;c:\program files\razer\chromabroadcast\bin;c:\program files (x86)\common files\oracle\java\javapath;c:\windows\system32;c:\windows;c:\windows\system32\wbem;c:\windows\system32\windowspowershell\v1.0\;c:\windows\system32\openssh\;c:\windows\system32\config\systemprofile\appdata\local\microsoft\windowsapps;C:\WINDOWS\system32\config\systemprofile\AppData\Local\Microsoft\WindowsApps;%JAVA_HOME%\bin\java.exe\bin;C:\Program Files\dotnet\;C:\Program Files\apache-ant-1.9.16\bin;C:\Program Files\Git\cmd;C:\Program Files\MySQL\MySQL Shell 8.0\bin\;C:\Users\Andre\AppData\Local\Microsoft\WindowsApps;C:\Program Files\Java\jdk-19\bin;C:\Users\Andre\AppData\Local\Programs\Microsoft VS Code\bin;C:\Users\Andre\AppData\Local\GitHubDesktop\bin;" />
    <property name="basedir" value="C:\Users\Andre\Desktop\FinalProject311\FinalProject" />
    <property name="ant.java.version" value="19" />
    <property name="ant.core.lib" value="C:\Program Files\apache-ant-1.9.16\lib\ant.jar" />
    <property name="env.USERNAME" value="Andre" />
    <property name="source" value="1.8" />
    <property name="env.SystemDrive" value="C:" />
    <property name="file.encoding" value="UTF-8" />
    <property name="env.USERDOMAIN" value="RYOKILOS" />
    <property name="java.specification.version" value="19" />
    <property name="env.=C:" value="C:\Users\Andre\Desktop\FinalProject311\FinalProject" />
    <property name="ant.project.invoked-targets" value="WikiSearchTest" />
    <property name="env.PROCESSOR_LEVEL" value="23" />
  </properties>
  <testcase classname="finalproject.WikiSearchTest" name="initializationError" time="0.002">
    <error message="No runnable methods" type="java.lang.Exception">java.lang.Exception: No runnable methods
	at java.base/jdk.internal.reflect.DirectConstructorHandleAccessor.newInstance(DirectConstructorHandleAccessor.java:67)
	at java.base/java.lang.reflect.Constructor.newInstanceWithCaller(Constructor.java:500)
	at java.base/java.lang.reflect.Constructor.newInstance(Constructor.java:484)
</error>
  </testcase>
  <system-out><![CDATA[]]></system-out>
  <system-err><![CDATA[]]></system-err>
</testsuite>
